<?xml version="1.0" encoding="utf-8"?><testsuites name="pytest tests"><testsuite name="pytest" errors="0" failures="0" skipped="0" tests="8" time="0.251" timestamp="2026-06-15T10:30:08.862381+02:00" hostname="Optimalist.local"><testcase classname="tests.test_boundaries.BoundaryTests" name="test_cli_entrypoint_is_declared" time="0.003" /><testcase classname="tests.test_boundaries.BoundaryTests" name="test_pyproject_has_no_forbidden_runtime_dependencies" time="0.000" /><testcase classname="tests.test_boundaries.BoundaryTests" name="test_runtime_manifest_file_is_packaged_json" time="0.001" /><testcase classname="tests.test_boundaries.BoundaryTests" name="test_runtime_manifest_matches_requested_contract" time="0.002" /><testcase classname="tests.test_boundaries.BoundaryTests" name="test_source_has_no_forbidden_import_tokens" time="0.001" /><testcase classname="tests.test_cli.CliTests" name="test_help_lists_placeholder_commands" time="0.003" /><testcase classname="tests.test_cli.CliTests" name="test_placeholder_command_exits_cleanly" time="0.002" /><testcase classname="tests.test_cli_smoke.CliSmokeTests" name="test_module_help_succeeds" time="0.093" /></testsuite></testsuites>